
+----------------------------+
| Real-space lattice vectors |
+----------------------------+

vector a1 :    9.994760000       0.000000000       0.000000000    
vector a2 :    0.000000000       9.994760000       0.000000000    
vector a3 :    4.997380000       4.997380000       9.848300000    

Stored column-wise as a matrix :
   9.994760000       0.000000000       4.997380000    
   0.000000000       9.994760000       4.997380000    
   0.000000000       0.000000000       9.848300000    

Inverse of matrix :
  0.1000524275       0.000000000     -0.5077018369E-01
   0.000000000      0.1000524275     -0.5077018369E-01
   0.000000000       0.000000000      0.1015403674    

Unit cell volume :    983.7981686    


+----------------------------------+
| Reciprocal-space lattice vectors |
+----------------------------------+

vector b1 :   0.6286479422       0.000000000     -0.3189984722    
vector b2 :    0.000000000      0.6286479422     -0.3189984722    
vector b3 :    0.000000000       0.000000000      0.6379969444    

Stored column-wise as a matrix :
  0.6286479422       0.000000000       0.000000000    
   0.000000000      0.6286479422       0.000000000    
 -0.3189984722     -0.3189984722      0.6379969444    

Inverse of matrix :
   1.590715459      -0.000000000       0.000000000    
  -0.000000000       1.590715459       0.000000000    
  0.7953577295      0.7953577295       1.567405626    

Brillouin zone volume :   0.2521352665    
